TN:
SF:/run/media/ea/workspace/preact-transition-group/tests/utils.js
FN:7,setupScratch
FN:15,setupRerenderAll
FN:19,(anonymous_2)
FN:23,(anonymous_3)
FN:36,tryClockTick
FN:50,teardown
FN:58,setupCustomMatchers
FN:60,(anonymous_7)
FN:61,(anonymous_8)
FN:65,(anonymous_9)
FN:66,(anonymous_10)
FN:91,(anonymous_11)
FN:104,(anonymous_12)
FN:108,(anonymous_13)
FN:112,(anonymous_14)
FN:116,(anonymous_15)
FN:120,(anonymous_16)
FN:124,(anonymous_17)
FN:128,(anonymous_18)
FN:134,(anonymous_19)
FN:138,(anonymous_20)
FN:144,(anonymous_21)
FN:148,(anonymous_22)
FN:156,createMount
FN:166,mount
FN:177,(anonymous_25)
FN:184,(anonymous_26)
FN:189,(anonymous_27)
FN:194,(anonymous_28)
FN:199,(anonymous_29)
FN:204,(anonymous_30)
FN:208,(anonymous_31)
FNF:32
FNH:28
FNDA:26,setupScratch
FNDA:7,setupRerenderAll
FNDA:7,(anonymous_2)
FNDA:5,(anonymous_3)
FNDA:12,tryClockTick
FNDA:26,teardown
FNDA:20,setupCustomMatchers
FNDA:0,(anonymous_7)
FNDA:0,(anonymous_8)
FNDA:3,(anonymous_9)
FNDA:3,(anonymous_10)
FNDA:21,(anonymous_11)
FNDA:23,(anonymous_12)
FNDA:0,(anonymous_13)
FNDA:10,(anonymous_14)
FNDA:33,(anonymous_15)
FNDA:1,(anonymous_16)
FNDA:33,(anonymous_17)
FNDA:12,(anonymous_18)
FNDA:4,(anonymous_19)
FNDA:0,(anonymous_20)
FNDA:33,(anonymous_21)
FNDA:33,(anonymous_22)
FNDA:26,createMount
FNDA:21,mount
FNDA:21,(anonymous_25)
FNDA:10,(anonymous_26)
FNDA:12,(anonymous_27)
FNDA:8,(anonymous_28)
FNDA:1,(anonymous_29)
FNDA:4,(anonymous_30)
FNDA:1,(anonymous_31)
DA:8,26
DA:9,26
DA:10,26
DA:13,4
DA:16,7
DA:18,7
DA:19,7
DA:20,7
DA:23,7
DA:25,5
DA:29,5
DA:30,7
DA:31,7
DA:37,12
DA:38,12
DA:51,26
DA:52,26
DA:53,5
DA:54,5
DA:59,20
DA:60,0
DA:61,0
DA:65,3
DA:67,3
DA:68,0
DA:75,3
DA:76,3
DA:78,3
DA:84,3
DA:92,21
DA:93,21
DA:94,21
DA:105,23
DA:109,0
DA:113,10
DA:117,33
DA:121,1
DA:125,33
DA:129,12
DA:130,12
DA:131,12
DA:135,4
DA:139,0
DA:140,0
DA:141,0
DA:145,33
DA:146,33
DA:147,33
DA:148,33
DA:167,21
DA:176,21
DA:177,21
DA:181,21
DA:185,10
DA:190,12
DA:195,8
DA:200,1
DA:205,4
DA:209,1
DA:210,1
DA:214,21
DA:217,26
LF:62
LH:55
BRDA:9,0,0,26
BRDA:9,0,1,0
BRDA:36,1,0,12
BRDA:52,2,0,5
BRDA:52,2,1,21
BRDA:67,3,0,0
BRDA:67,3,1,3
BRDA:67,4,0,3
BRDA:67,4,1,3
BRDA:78,5,0,0
BRDA:78,5,1,3
BRDA:128,6,0,12
BRDA:147,7,0,0
BRDA:147,7,1,33
BRDA:185,8,0,10
BRDA:185,8,1,0
BRF:16
BRH:11
end_of_record
TN:
SF:/run/media/ea/workspace/preact-transition-group/src/Transition.js
FN:105,(anonymous_0)
FN:138,(anonymous_1)
FN:142,(anonymous_2)
FN:169,(anonymous_3)
FN:173,(anonymous_4)
FN:190,(anonymous_5)
FN:194,(anonymous_6)
FN:208,(anonymous_7)
FN:226,(anonymous_8)
FN:237,(anonymous_9)
FN:245,(anonymous_10)
FN:249,(anonymous_11)
FN:250,(anonymous_12)
FN:257,(anonymous_13)
FN:263,(anonymous_14)
FN:270,(anonymous_15)
FN:273,(anonymous_16)
FN:274,(anonymous_17)
FN:281,(anonymous_18)
FN:288,(anonymous_19)
FN:296,(anonymous_20)
FN:299,(anonymous_21)
FN:308,(anonymous_22)
FN:315,(anonymous_23)
FN:331,(anonymous_24)
FN:366,noop
FNF:26
FNH:23
FNDA:26,(anonymous_0)
FNDA:90,(anonymous_1)
FNDA:90,(anonymous_2)
FNDA:26,(anonymous_3)
FNDA:64,(anonymous_4)
FNDA:1,(anonymous_5)
FNDA:22,(anonymous_6)
FNDA:90,(anonymous_7)
FNDA:14,(anonymous_8)
FNDA:0,(anonymous_9)
FNDA:14,(anonymous_10)
FNDA:14,(anonymous_11)
FNDA:14,(anonymous_12)
FNDA:8,(anonymous_13)
FNDA:0,(anonymous_14)
FNDA:8,(anonymous_15)
FNDA:8,(anonymous_16)
FNDA:8,(anonymous_17)
FNDA:23,(anonymous_18)
FNDA:44,(anonymous_19)
FNDA:66,(anonymous_20)
FNDA:67,(anonymous_21)
FNDA:0,(anonymous_22)
FNDA:22,(anonymous_23)
FNDA:90,(anonymous_24)
FNDA:16,noop
DA:3,4
DA:4,4
DA:5,4
DA:6,4
DA:7,4
DA:106,26
DA:108,26
DA:111,26
DA:115,26
DA:117,26
DA:118,15
DA:119,4
DA:120,4
DA:123,11
DA:126,11
DA:127,3
DA:130,8
DA:133,26
DA:135,26
DA:139,90
DA:143,90
DA:144,3
DA:146,87
DA:170,26
DA:174,64
DA:175,64
DA:176,21
DA:178,21
DA:179,13
DA:180,10
DA:183,8
DA:184,8
DA:187,64
DA:191,1
DA:195,22
DA:198,22
DA:200,22
DA:201,0
DA:202,0
DA:203,0
DA:205,22
DA:209,90
DA:211,22
DA:212,22
DA:214,22
DA:215,14
DA:218,8
DA:221,68
DA:222,1
DA:227,14
DA:228,14
DA:232,14
DA:236,14
DA:237,0
DA:238,0
DA:240,0
DA:243,14
DA:245,14
DA:246,14
DA:249,14
DA:250,14
DA:251,14
DA:258,8
DA:259,8
DA:262,8
DA:263,0
DA:264,0
DA:266,0
DA:268,8
DA:270,8
DA:271,8
DA:273,8
DA:274,8
DA:275,8
DA:282,23
DA:283,0
DA:284,0
DA:292,44
DA:293,44
DA:297,66
DA:299,66
DA:300,67
DA:301,66
DA:302,66
DA:304,66
DA:308,66
DA:309,0
DA:312,66
DA:316,22
DA:318,22
DA:319,22
DA:320,3
DA:322,22
DA:323,21
DA:327,0
DA:332,90
DA:333,90
DA:334,4
DA:337,86
DA:341,86
DA:342,86
DA:343,86
DA:344,86
DA:345,86
DA:346,86
DA:347,86
DA:348,86
DA:349,86
DA:350,86
DA:351,86
DA:352,86
DA:353,86
DA:354,86
DA:356,86
DA:357,0
DA:360,86
DA:361,86
DA:368,4
DA:385,4
DA:386,4
DA:387,4
DA:388,4
DA:389,4
LF:123
LH:109
BRDA:111,0,0,2
BRDA:111,0,1,24
BRDA:111,1,0,26
BRDA:111,1,1,5
BRDA:117,2,0,15
BRDA:117,2,1,11
BRDA:118,3,0,4
BRDA:118,3,1,11
BRDA:126,4,0,3
BRDA:126,4,1,8
BRDA:126,5,0,11
BRDA:126,5,1,10
BRDA:143,6,0,3
BRDA:143,6,1,87
BRDA:143,7,0,90
BRDA:143,7,1,56
BRDA:175,8,0,21
BRDA:175,8,1,43
BRDA:178,9,0,13
BRDA:178,9,1,8
BRDA:179,10,0,10
BRDA:179,10,1,3
BRDA:179,11,0,13
BRDA:179,11,1,13
BRDA:183,12,0,8
BRDA:183,12,1,0
BRDA:183,13,0,8
BRDA:183,13,1,8
BRDA:200,14,0,0
BRDA:200,14,1,22
BRDA:200,15,0,22
BRDA:200,15,1,21
BRDA:208,16,0,0
BRDA:209,17,0,22
BRDA:209,17,1,68
BRDA:214,18,0,14
BRDA:214,18,1,8
BRDA:221,19,0,1
BRDA:221,19,1,67
BRDA:221,20,0,68
BRDA:221,20,1,9
BRDA:228,21,0,2
BRDA:228,21,1,12
BRDA:236,22,0,0
BRDA:236,22,1,14
BRDA:236,23,0,14
BRDA:236,23,1,10
BRDA:262,24,0,0
BRDA:262,24,1,8
BRDA:282,25,0,0
BRDA:282,25,1,23
BRDA:300,26,0,66
BRDA:300,26,1,1
BRDA:318,27,0,22
BRDA:318,27,1,0
BRDA:319,28,0,3
BRDA:319,28,1,19
BRDA:322,29,0,21
BRDA:322,29,1,1
BRDA:333,30,0,4
BRDA:333,30,1,86
BRDA:356,31,0,0
BRDA:356,31,1,86
BRF:63
BRH:55
end_of_record
TN:
SF:/run/media/ea/workspace/preact-transition-group/src/CSSTransition.js
FN:10,(anonymous_0)
FN:10,(anonymous_1)
FN:12,(anonymous_2)
FN:12,(anonymous_3)
FN:28,(anonymous_4)
FN:41,(anonymous_5)
FN:52,(anonymous_6)
FN:64,(anonymous_7)
FN:75,(anonymous_8)
FN:87,(anonymous_9)
FN:97,(anonymous_10)
FN:108,(anonymous_11)
FN:133,(anonymous_12)
FN:142,(anonymous_13)
FN:153,(anonymous_14)
FNF:15
FNH:15
FNDA:18,(anonymous_0)
FNDA:18,(anonymous_1)
FNDA:36,(anonymous_2)
FNDA:36,(anonymous_3)
FNDA:9,(anonymous_4)
FNDA:3,(anonymous_5)
FNDA:3,(anonymous_6)
FNDA:3,(anonymous_7)
FNDA:3,(anonymous_8)
FNDA:3,(anonymous_9)
FNDA:3,(anonymous_10)
FNDA:33,(anonymous_11)
FNDA:15,(anonymous_12)
FNDA:6,(anonymous_13)
FNDA:16,(anonymous_14)
DA:9,3
DA:10,18
DA:11,3
DA:12,36
DA:29,9
DA:32,9
DA:33,9
DA:34,9
DA:35,9
DA:36,9
DA:37,9
DA:38,9
DA:42,3
DA:44,3
DA:45,3
DA:47,3
DA:48,3
DA:53,3
DA:57,3
DA:59,3
DA:60,2
DA:65,3
DA:67,3
DA:68,3
DA:70,3
DA:71,2
DA:76,3
DA:78,3
DA:79,3
DA:80,3
DA:82,3
DA:83,2
DA:88,3
DA:90,3
DA:92,3
DA:93,2
DA:98,3
DA:100,3
DA:101,3
DA:103,3
DA:104,3
DA:109,33
DA:112,33
DA:117,33
DA:122,33
DA:126,33
DA:134,15
DA:137,15
DA:138,15
DA:139,15
DA:145,6
DA:147,6
DA:149,6
DA:154,16
DA:156,16
DA:158,16
LF:56
LH:56
BRDA:10,0,0,18
BRDA:10,0,1,18
BRDA:10,0,2,18
BRDA:10,0,3,18
BRDA:12,1,0,36
BRDA:12,1,1,36
BRDA:12,1,2,36
BRDA:12,1,3,36
BRDA:42,2,0,0
BRDA:42,2,1,3
BRDA:47,3,0,3
BRDA:47,3,1,0
BRDA:54,4,0,0
BRDA:54,4,1,3
BRDA:59,5,0,2
BRDA:59,5,1,1
BRDA:67,6,0,0
BRDA:67,6,1,3
BRDA:70,7,0,2
BRDA:70,7,1,1
BRDA:82,8,0,2
BRDA:82,8,1,1
BRDA:92,9,0,2
BRDA:92,9,1,1
BRDA:103,10,0,3
BRDA:103,10,1,0
BRDA:112,11,0,11
BRDA:112,11,1,22
BRDA:117,12,0,11
BRDA:117,12,1,22
BRDA:122,13,0,11
BRDA:122,13,1,22
BRDA:137,14,0,15
BRDA:137,14,1,12
BRDA:138,15,0,15
BRDA:138,15,1,12
BRDA:139,16,0,15
BRDA:139,16,1,12
BRDA:145,17,0,6
BRDA:145,17,1,0
BRDA:147,18,0,6
BRDA:147,18,1,6
BRF:42
BRH:36
end_of_record
TN:
SF:/run/media/ea/workspace/preact-transition-group/src/utils/ChildMapping.js
FN:5,(anonymous_0)
FN:14,getChildMapping
FN:15,(anonymous_2)
FN:19,(anonymous_3)
FN:45,mergeChildMappings
FN:49,getValueForKey
FN:92,getProp
FN:96,getInitialChildMapping
FN:98,(anonymous_8)
FN:108,getNextChildMapping
FN:112,(anonymous_10)
FNF:11
FNH:11
FNDA:31,(anonymous_0)
FNDA:18,getChildMapping
FNDA:15,(anonymous_2)
FNDA:15,(anonymous_3)
FNDA:15,mergeChildMappings
FNDA:31,getValueForKey
FNDA:28,getProp
FNDA:7,getInitialChildMapping
FNDA:4,(anonymous_8)
FNDA:9,getNextChildMapping
FNDA:12,(anonymous_10)
DA:4,3
DA:5,31
DA:15,18
DA:17,18
DA:18,18
DA:19,18
DA:20,15
DA:22,15
DA:25,18
DA:46,15
DA:47,15
DA:50,31
DA:55,15
DA:57,15
DA:58,15
DA:59,22
DA:60,13
DA:61,1
DA:62,1
DA:66,9
DA:71,15
DA:72,15
DA:73,22
DA:74,1
DA:75,1
DA:76,1
DA:81,22
DA:85,15
DA:86,8
DA:89,15
DA:93,28
DA:97,7
DA:98,4
DA:109,9
DA:110,9
DA:112,9
DA:113,12
DA:115,12
DA:117,12
DA:118,12
DA:120,12
DA:121,12
DA:124,12
DA:126,5
DA:133,7
DA:136,4
DA:138,3
DA:142,3
DA:151,9
LF:49
LH:49
BRDA:5,0,0,31
BRDA:5,0,1,27
BRDA:15,1,0,4
BRDA:15,1,1,11
BRDA:15,2,0,15
BRDA:15,2,1,4
BRDA:18,3,0,18
BRDA:18,3,1,0
BRDA:20,4,0,15
BRDA:20,4,1,0
BRDA:46,5,0,15
BRDA:46,5,1,1
BRDA:47,6,0,15
BRDA:47,6,1,1
BRDA:50,7,0,22
BRDA:50,7,1,9
BRDA:59,8,0,13
BRDA:59,8,1,9
BRDA:60,9,0,1
BRDA:60,9,1,12
BRDA:73,10,0,1
BRDA:73,10,1,21
BRDA:93,11,0,12
BRDA:93,11,1,16
BRDA:93,12,0,16
BRDA:93,12,1,13
BRDA:115,13,0,0
BRDA:115,13,1,12
BRDA:121,14,0,12
BRDA:121,14,1,8
BRDA:124,15,0,5
BRDA:124,15,1,7
BRDA:124,16,0,12
BRDA:124,16,1,8
BRDA:124,16,2,4
BRDA:133,17,0,4
BRDA:133,17,1,3
BRDA:133,18,0,7
BRDA:133,18,1,4
BRDA:133,18,2,4
BRDA:138,19,0,3
BRDA:138,19,1,0
BRDA:138,20,0,3
BRDA:138,20,1,3
BRDA:138,20,2,3
BRF:45
BRH:41
end_of_record
TN:
SF:/run/media/ea/workspace/preact-transition-group/src/TransitionGroup.js
FN:9,(anonymous_0)
FN:9,(anonymous_1)
FN:13,(anonymous_2)
FN:31,(anonymous_3)
FN:43,(anonymous_4)
FN:49,(anonymous_5)
FN:56,(anonymous_6)
FN:65,(anonymous_7)
FN:74,(anonymous_8)
FN:82,(anonymous_9)
FNF:10
FNH:8
FNDA:0,(anonymous_0)
FNDA:0,(anonymous_1)
FNDA:16,(anonymous_2)
FNDA:7,(anonymous_3)
FNDA:16,(anonymous_4)
FNDA:7,(anonymous_5)
FNDA:16,(anonymous_6)
FNDA:1,(anonymous_7)
FNDA:1,(anonymous_8)
FNDA:16,(anonymous_9)
DA:9,2
DA:11,2
DA:13,16
DA:32,7
DA:34,7
DA:37,7
DA:44,16
DA:50,7
DA:57,16
DA:66,1
DA:68,1
DA:70,1
DA:71,0
DA:74,1
DA:75,1
DA:77,1
DA:78,1
DA:83,16
DA:84,16
DA:86,16
DA:87,16
DA:88,16
DA:90,16
DA:91,0
DA:93,16
DA:97,2
LF:26
LH:24
BRDA:9,0,0,2
BRDA:9,0,1,0
BRDA:58,1,0,7
BRDA:58,1,1,9
BRDA:68,2,0,0
BRDA:68,2,1,1
BRDA:70,3,0,0
BRDA:70,3,1,1
BRDA:90,4,0,0
BRDA:90,4,1,16
BRF:10
BRH:6
end_of_record
TN:
SF:/run/media/ea/workspace/preact-transition-group/src/ReplaceTransition.js
FN:16,(anonymous_0)
FN:19,(anonymous_1)
FN:20,(anonymous_2)
FN:21,(anonymous_3)
FN:23,(anonymous_4)
FN:24,(anonymous_5)
FN:25,(anonymous_6)
FN:28,(anonymous_7)
FN:36,(anonymous_8)
FNF:9
FNH:0
FNDA:0,(anonymous_0)
FNDA:0,(anonymous_1)
FNDA:0,(anonymous_2)
FNDA:0,(anonymous_3)
FNDA:0,(anonymous_4)
FNDA:0,(anonymous_5)
FNDA:0,(anonymous_6)
FNDA:0,(anonymous_7)
FNDA:0,(anonymous_8)
DA:17,0
DA:19,0
DA:20,0
DA:21,0
DA:23,0
DA:24,0
DA:25,0
DA:29,0
DA:30,0
DA:32,0
DA:33,0
DA:37,0
DA:38,0
DA:41,0
DA:42,0
DA:43,0
DA:44,0
DA:45,0
DA:46,0
DA:48,0
LF:20
LH:0
BRDA:32,0,0,0
BRDA:32,0,1,0
BRDA:33,1,0,0
BRDA:33,1,1,0
BRDA:50,2,0,0
BRDA:50,2,1,0
BRF:6
BRH:0
end_of_record
TN:
SF:/run/media/ea/workspace/preact-transition-group/src/index.js
FNF:0
FNH:0
LF:0
LH:0
BRF:0
BRH:0
end_of_record
